<?xml version="1.0" encoding="UTF-8"?>
<testng-results ignored="0" total="1" passed="1" failed="0" skipped="0">
  <reporter-output>
  </reporter-output>
  <suite started-at="2023-06-27T18:52:13 AMT" name="All Test Suite" finished-at="2023-06-27T18:52:13 AMT" duration-ms="591">
    <groups>
    </groups>
    <test started-at="2023-06-27T18:52:13 AMT" name="/home/sofi/java/Automation/src/test/resources" finished-at="2023-06-27T18:52:13 AMT" duration-ms="591">
      <class name="MyFirstTest">
        <test-method is-config="true" signature="beforeTest()[pri:0, instance:MyFirstTest@78b729e6]" started-at="2023-06-27T18:52:13 AMT" name="beforeTest" finished-at="2023-06-27T18:52:13 AMT" duration-ms="125" status="PASS">
          <reporter-output>
          </reporter-output>
        </test-method> <!-- beforeTest -->
        <test-method signature="Check_a_IsEven()[pri:0, instance:MyFirstTest@78b729e6]" started-at="2023-06-27T18:52:13 AMT" name="Check_a_IsEven" finished-at="2023-06-27T18:52:13 AMT" duration-ms="16" status="PASS">
          <reporter-output>
          </reporter-output>
        </test-method> <!-- Check_a_IsEven -->
        <test-method is-config="true" signature="afterTest()[pri:0, instance:MyFirstTest@78b729e6]" started-at="2023-06-27T18:52:13 AMT" name="afterTest" finished-at="2023-06-27T18:52:13 AMT" duration-ms="10" status="PASS">
          <reporter-output>
          </reporter-output>
        </test-method> <!-- afterTest -->
      </class> <!-- MyFirstTest -->
    </test> <!-- /home/sofi/java/Automation/src/test/resources -->
  </suite> <!-- All Test Suite -->
</testng-results>
